[22:54:22] [ServerMain/INFO]: [bootstrap] Running Java 21 (OpenJDK 64-Bit Server VM 21.0.8+9-Ubuntu-0ubuntu124.04.1; Ubuntu null) on Linux 6.8.0-1030-azure (amd64)
[22:54:22] [ServerMain/INFO]: [bootstrap] Loading Paper 1.21.8-39-main@616a879 (2025-08-18T02:25:55Z) for Minecraft 1.21.8
[22:54:22] [ServerMain/INFO]: [PluginInitializerManager] Initializing plugins...
[22:54:22] [ServerMain/INFO]: [PluginInitializerManager] Initialized 2 plugins
[22:54:22] [ServerMain/INFO]: [PluginInitializerManager] Bukkit plugins (2):
 - Geyser-Spigot (2.8.3-SNAPSHOT), floodgate (2.2.4-SNAPSHOT (b118-40d320a))
[22:54:27] [ServerMain/INFO]: Environment: Environment[sessionHost=https://sessionserver.mojang.com, servicesHost=https://api.minecraftservices.com, name=PROD]
[22:54:29] [ServerMain/INFO]: Loaded 1407 recipes
[22:54:29] [ServerMain/INFO]: Loaded 1520 advancements
[22:54:29] [ServerMain/INFO]: [ca.spottedleaf.dataconverter.minecraft.datatypes.MCTypeRegistry] Initialising converters for DataConverter...
[22:54:29] [ServerMain/INFO]: [ca.spottedleaf.dataconverter.minecraft.datatypes.MCTypeRegistry] Finished initialising converters for DataConverter in 421.3ms
[22:54:29] [Server thread/INFO]: Starting minecraft server version 1.21.8
[22:54:29] [Server thread/INFO]: Loading properties
[22:54:29] [Server thread/INFO]: This server is running Paper version 1.21.8-39-main@616a879 (2025-08-18T02:25:55Z) (Implementing API version 1.21.8-R0.1-SNAPSHOT)
[22:54:29] [Server thread/INFO]: [spark] This server bundles the spark profiler. For more information please visit https://docs.papermc.io/paper/profiling
[22:54:30] [Server thread/INFO]: Server Ping Player Sample Count: 12
[22:54:30] [Server thread/INFO]: Using 4 threads for Netty based IO
[22:54:31] [Server thread/INFO]: [MoonriseCommon] Paper is using 1 worker threads, 1 I/O threads
[22:54:31] [Server thread/INFO]: [ChunkTaskScheduler] Chunk system is using population gen parallelism: true
[22:54:32] [Server thread/INFO]: Default game type: SURVIVAL
[22:54:32] [Server thread/INFO]: Generating keypair
[22:54:32] [Server thread/INFO]: Starting Minecraft server on *:25565
[22:54:32] [Server thread/INFO]: Using epoll channel type
[22:54:32] [Server thread/INFO]: Paper: Using libdeflate (Linux x86_64) compression from Velocity.
[22:54:32] [Server thread/INFO]: Paper: Using OpenSSL 3.x.x (Linux x86_64) cipher from Velocity.
[22:54:33] [Server thread/INFO]: [floodgate] Loading server plugin floodgate v2.2.4-SNAPSHOT (b118-40d320a)
[22:54:34] [Server thread/WARN]: [floodgate] en_ is not a supported Floodgate language.
[22:54:34] [Server thread/INFO]: [floodgate] Took 1,110ms to boot Floodgate
[22:54:34] [Server thread/INFO]: [Geyser-Spigot] Loading server plugin Geyser-Spigot v2.8.3-SNAPSHOT
[22:54:34] [Server thread/INFO]: [Geyser-Spigot] Loading extensions...
[22:54:34] [Server thread/INFO]: [Geyser-Spigot] Loaded 0 extension(s)
[22:54:34] [Server thread/INFO]: Server permissions file permissions.yml is empty, ignoring it
[22:54:34] [Server thread/WARN]: **** SERVER IS RUNNING IN OFFLINE/INSECURE MODE!
[22:54:34] [Server thread/WARN]: The server will make no attempt to authenticate usernames. Beware.
[22:54:34] [Server thread/WARN]: While this makes the game possible to play without internet access, it also opens up the ability for hackers to connect with any username they choose.
[22:54:34] [Server thread/WARN]: To change this, set "online-mode" to "true" in the server.properties file.
[22:54:34] [Server thread/INFO]: Preparing level "world"
[22:54:35] [Server thread/INFO]: Preparing start region for dimension minecraft:overworld
[22:54:35] [Server thread/INFO]: Preparing spawn area: 0%
[22:54:36] [Server thread/INFO]: Preparing spawn area: 0%
[22:54:36] [Server thread/INFO]: Preparing spawn area: 0%
[22:54:36] [Server thread/INFO]: Time elapsed: 1071 ms
[22:54:36] [Server thread/INFO]: Preparing start region for dimension minecraft:the_nether
[22:54:36] [Server thread/INFO]: Preparing spawn area: 0%
[22:54:36] [Server thread/INFO]: Time elapsed: 329 ms
[22:54:36] [Server thread/INFO]: Preparing start region for dimension minecraft:the_end
[22:54:36] [Server thread/INFO]: Preparing spawn area: 0%
[22:54:37] [Server thread/INFO]: Time elapsed: 153 ms
[22:54:37] [Server thread/INFO]: [floodgate] Enabling floodgate v2.2.4-SNAPSHOT (b118-40d320a)
[22:54:37] [Server thread/INFO]: [Geyser-Spigot] Enabling Geyser-Spigot v2.8.3-SNAPSHOT
[22:54:39] [Server thread/INFO]: [spark] Starting background profiler...
[22:54:39] [Server thread/INFO]: [Geyser-Spigot] ******************************************
[22:54:39] [Server thread/INFO]: [Geyser-Spigot] 
[22:54:39] [Server thread/INFO]: [Geyser-Spigot] Loading Geyser version 2.8.3-b917 (git-master-1dc3f41)
[22:54:39] [Server thread/INFO]: [Geyser-Spigot] 
[22:54:39] [Server thread/INFO]: [Geyser-Spigot] ******************************************
[22:54:43] [GeyserServer-3-1/INFO]: [Geyser-Spigot] Started Geyser on UDP port 1492
[22:54:43] [Server thread/INFO]: [Geyser-Spigot] Done (3.951s)! Run /geyser help for help!
[22:54:43] [Server thread/INFO]: Done preparing level "world" (8.676s)
[22:54:43] [Server thread/INFO]: Running delayed init tasks
[22:54:43] [Server thread/INFO]: Done (22.541s)! For help, type "help"
[22:55:00] [GeyserServerChild-4-1/INFO]: [Geyser-Spigot] Player connected with username XxClemexX8379
[22:55:00] [localSession-7-2/INFO]: [Geyser-Spigot] XxClemexX8379 (logged in as: XxClemexX8379) has connected to the Java server
[22:55:01] [Server thread/INFO]: [floodgate] Floodgate player logged in as .XxClemexX8379 joined (UUID: 00000000-0000-0000-0009-01ff88967f61)
[22:55:01] [Server thread/INFO]: .XxClemexX8379 joined the game
[22:55:01] [Server thread/INFO]: .XxClemexX8379[/127.125.129.41:0] logged in with entity id 98 at ([world]27.23609, 68.0, 49.173096)
[23:02:10] [GeyserServerChild-4-1/INFO]: [Geyser-Spigot] XxClemexX8379 has disconnected from the Java server because of Bedrock client disconnected
[23:02:10] [Geyser Spigot connection thread-6-3/INFO]: [floodgate] Floodgate player logged in as .XxClemexX8379 disconnected
[23:02:10] [Server thread/INFO]: .XxClemexX8379 lost connection: Disconnected
[23:02:10] [Server thread/INFO]: .XxClemexX8379 left the game
[23:03:00] [GeyserServerChild-4-2/INFO]: [Geyser-Spigot] Player connected with username XxClemexX8379
[23:03:00] [localSession-7-3/INFO]: [Geyser-Spigot] XxClemexX8379 (logged in as: XxClemexX8379) has connected to the Java server
[23:03:00] [Server thread/INFO]: [floodgate] Floodgate player logged in as .XxClemexX8379 joined (UUID: 00000000-0000-0000-0009-01ff88967f61)
[23:03:00] [Server thread/INFO]: .XxClemexX8379 joined the game
[23:03:00] [Server thread/INFO]: .XxClemexX8379[/127.125.129.41:0] logged in with entity id 1174 at ([world]29.72424, 68.0, 50.590485)
[23:03:10] [Server thread/WARN]: .XxClemexX8379 moved wrongly!
[23:03:19] [Server thread/INFO]: .XxClemexX8379 was blown up by Creeper
[23:03:40] [Geyser Spigot connection thread-6-4/INFO]: [floodgate] Floodgate player logged in as .XxClemexX8379 disconnected
[23:03:40] [GeyserServerChild-4-2/INFO]: [Geyser-Spigot] XxClemexX8379 has disconnected from the Java server because of Bedrock client timed out
[23:03:40] [Server thread/INFO]: .XxClemexX8379 lost connection: Disconnected
[23:03:40] [Server thread/INFO]: .XxClemexX8379 left the game
[23:03:59] [GeyserServerChild-4-3/INFO]: [Geyser-Spigot] Player connected with username XxClemexX8379
[23:03:59] [localSession-7-4/INFO]: [Geyser-Spigot] XxClemexX8379 (logged in as: XxClemexX8379) has connected to the Java server
[23:03:59] [Server thread/INFO]: [floodgate] Floodgate player logged in as .XxClemexX8379 joined (UUID: 00000000-0000-0000-0009-01ff88967f61)
[23:03:59] [Server thread/INFO]: .XxClemexX8379 joined the game
[23:03:59] [Server thread/INFO]: .XxClemexX8379[/127.125.129.41:0] logged in with entity id 1516 at ([world]-10.347865, 67.0, 29.283375)
